[debug] [2025-05-18T15:23:45.720Z] ----------------------------------------------------------------------
[debug] [2025-05-18T15:23:45.724Z] Command:       C:\Program Files\nodejs\node.exe C:\Users\User\AppData\Roaming\npm\node_modules\firebase-tools\lib\bin\firebase.js init
[debug] [2025-05-18T15:23:45.725Z] CLI Version:   14.4.0
[debug] [2025-05-18T15:23:45.725Z] Platform:      win32
[debug] [2025-05-18T15:23:45.725Z] Node Version:  v22.15.0
[debug] [2025-05-18T15:23:45.725Z] Time:          Sun May 18 2025 18:23:45 GMT+0300 (Москва, стандартное время)
[debug] [2025-05-18T15:23:45.726Z] ----------------------------------------------------------------------
[debug] 
[debug] [2025-05-18T15:23:45.730Z] >>> [apiv2][query] GET https://firebase-public.firebaseio.com/cli.json [none]
[debug] [2025-05-18T15:23:46.068Z] > command requires scopes: ["email","openid","https://www.googleapis.com/auth/cloudplatformprojects.readonly","https://www.googleapis.com/auth/firebase","https://www.googleapis.com/auth/cloud-platform"]
[debug] [2025-05-18T15:23:46.068Z] > authorizing via signed-in user (kiberlady@gmail.com)
[info] 
     ######## #### ########  ######## ########     ###     ######  ########
     ##        ##  ##     ## ##       ##     ##  ##   ##  ##       ##
     ######    ##  ########  ######   ########  #########  ######  ######
     ##        ##  ##    ##  ##       ##     ## ##     ##       ## ##
     ##       #### ##     ## ######## ########  ##     ##  ######  ########

You're about to initialize a Firebase project in this directory:

  C:\Users\User\OneDrive\Рабочий стол\Проект Живая книга\my_telegram_app

Before we get started, keep in mind:

  * You are initializing within an existing Firebase project directory

[debug] [2025-05-18T15:23:46.544Z] <<< [apiv2][status] GET https://firebase-public.firebaseio.com/cli.json 200
[debug] [2025-05-18T15:23:46.544Z] <<< [apiv2][body] GET https://firebase-public.firebaseio.com/cli.json {"cloudBuildErrorAfter":1594252800000,"cloudBuildWarnAfter":1590019200000,"defaultNode10After":1594252800000,"minVersion":"3.0.5","node8DeploysDisabledAfter":1613390400000,"node8RuntimeDisabledAfter":1615809600000,"node8WarnAfter":1600128000000}
